2025-07-01 11:16:02    LA***HG 开始桌面控制(非识别码方式)
2025-07-01 11:18:22    LA***HG 结束桌面控制(非识别码方式)
2025-07-01 11:19:33    LA***HG 开始桌面控制(非识别码方式)
2025-07-01 11:19:58    LA***HG 结束桌面控制(非识别码方式)
2025-07-15 08:54:32    LA***HG 开始桌面控制(非识别码方式)
2025-07-15 08:56:18    LA***HG 结束桌面控制(非识别码方式)
2025-07-15 09:22:48    LA***HG 开始桌面控制(非识别码方式)
2025-07-15 09:24:01    LA***HG 结束桌面控制(非识别码方式)
2025-07-15 09:59:36    LA***HG 开始桌面控制(非识别码方式)
2025-07-15 10:01:01    LA***HG 结束桌面控制(非识别码方式)
2025-07-15 10:03:25    LA***HG 开始桌面控制(非识别码方式)
2025-07-15 10:03:36    LA***HG 结束桌面控制(非识别码方式)
2025-10-10 19:32:54     开始桌面控制(非识别码方式)
2025-10-10 19:33:55     结束桌面控制(非识别码方式)
2025-10-10 19:43:20     开始桌面控制(非识别码方式)
2025-10-10 19:48:15     结束桌面控制(非识别码方式)
2025-10-16 21:25:41     开始桌面控制(非识别码方式)
2025-10-17 04:37:35     结束桌面控制(非识别码方式)
2025-10-17 04:37:36     开始桌面控制(非识别码方式)
2025-10-17 05:08:10     结束桌面控制(非识别码方式)
2025-10-17 05:08:12     开始桌面控制(非识别码方式)
2025-10-18 04:37:34     结束桌面控制(非识别码方式)
2025-10-18 04:37:36     开始桌面控制(非识别码方式)
2025-10-18 06:07:46     结束桌面控制(非识别码方式)
2025-10-18 06:08:02     开始桌面控制(非识别码方式)
2025-10-19 04:37:32     结束桌面控制(非识别码方式)
2025-10-19 04:37:35     开始桌面控制(非识别码方式)
2025-10-19 05:08:09     结束桌面控制(非识别码方式)
2025-10-19 05:08:09     开始桌面控制(非识别码方式)
2025-10-20 04:37:34     结束桌面控制(非识别码方式)
2025-10-20 04:37:36     开始桌面控制(非识别码方式)
2025-10-20 08:08:10     结束桌面控制(非识别码方式)
2025-10-20 08:08:28     开始桌面控制(非识别码方式)
2025-10-21 04:37:20     开始桌面控制(非识别码方式)
2025-10-21 04:37:34     结束桌面控制(非识别码方式)
2025-10-21 05:38:13     结束桌面控制(非识别码方式)
2025-10-21 05:38:14     开始桌面控制(非识别码方式)
2025-10-21 10:04:45     结束桌面控制(非识别码方式)
2025-10-21 10:04:46     开始桌面控制(非识别码方式)
2025-10-22 04:37:34     结束桌面控制(非识别码方式)
2025-10-22 04:37:36     开始桌面控制(非识别码方式)
2025-10-22 07:08:13     结束桌面控制(非识别码方式)
2025-10-22 07:08:13     开始桌面控制(非识别码方式)
2025-10-22 08:39:14     结束桌面控制(非识别码方式)
2025-10-22 08:39:23     开始桌面控制(非识别码方式)
2025-10-22 08:58:02     结束桌面控制(非识别码方式)
2025-10-22 08:58:03     开始桌面控制(非识别码方式)
2025-10-23 04:37:33     结束桌面控制(非识别码方式)
2025-10-23 04:37:33     开始桌面控制(非识别码方式)
2025-10-23 05:08:39     结束桌面控制(非识别码方式)
2025-10-23 05:08:39     开始桌面控制(非识别码方式)
2025-10-23 17:28:45    LA***HQ 开始桌面控制(非识别码方式)
2025-10-23 17:29:00    LA***HQ 结束桌面控制(非识别码方式)
2025-10-23 19:29:29     结束桌面控制(非识别码方式)
2025-10-25 15:26:22    LA***HQ 开始桌面控制(非识别码方式)
2025-10-25 15:31:14    LA***HQ 结束桌面控制(非识别码方式)
2025-10-25 15:34:27    LA***HQ 开始桌面控制(非识别码方式)
2025-10-25 15:41:17    LA***HQ 结束桌面控制(非识别码方式)
2025-10-25 15:56:33    LA***HQ 开始桌面控制(非识别码方式)
2025-10-25 15:58:40    LA***HQ 结束桌面控制(非识别码方式)
2025-10-25 16:45:56    LA***HQ 开始桌面控制(非识别码方式)
2025-10-25 16:46:44    LA***HQ 结束桌面控制(非识别码方式)
2025-10-25 16:59:58    LA***HQ 开始桌面控制(非识别码方式)
2025-10-25 17:33:15    LA***HQ 结束桌面控制(非识别码方式)
2025-10-25 20:01:24     开始桌面控制(非识别码方式)
2025-10-25 20:02:01     结束桌面控制(非识别码方式)
2025-10-25 20:09:35    LA***HQ 开始桌面控制(非识别码方式)
2025-10-25 20:29:47    LA***HQ 结束桌面控制(非识别码方式)
2025-10-25 21:01:12    LA***HQ 开始桌面控制(非识别码方式)
2025-10-25 21:04:16    LA***HQ 结束桌面控制(非识别码方式)
2025-10-25 21:04:36    LA***HQ 开始桌面控制(非识别码方式)
2025-10-25 21:05:32    LA***HQ 结束桌面控制(非识别码方式)
2025-11-04 15:17:27    Xi***4C 开始桌面控制(非识别码方式)
2025-11-04 15:23:42    Xi***4C 结束桌面控制(非识别码方式)
2025-11-04 15:26:08    Xi***4C 开始桌面控制(非识别码方式)
2025-11-04 15:31:20    Xi***4C 结束桌面控制(非识别码方式)
2025-11-04 15:33:56    Xi***4C 开始桌面控制(非识别码方式)
2025-11-04 15:37:18    Xi***4C 结束桌面控制(非识别码方式)
2025-11-04 15:38:08    Xi***4C 开始桌面控制(非识别码方式)
2025-11-04 15:38:17    Xi***4C 结束桌面控制(非识别码方式)
2025-11-04 15:44:58    Xi***4C 结束桌面控制(非识别码方式)
2025-11-04 15:46:03    Xi***4C 开始桌面控制(非识别码方式)
2025-11-04 15:47:55    Xi***4C 结束桌面控制(非识别码方式)
2025-11-06 14:26:41    LA***HQ 结束桌面控制(非识别码方式)
2025-11-06 14:30:05    LA***HQ 结束桌面控制(非识别码方式)
