[6961]	2025-05-21 11:00:25.731	- Info  -	Version: 15.6.2.13600, PID: 678
[6961]	2025-05-21 11:00:25.737	* Error *	[Bind] rpc remove addr errcode 2
[8208]	2025-05-21 11:00:26.697	- Info  -	[OnConnect] [shell] OnConnect
[8208]	2025-05-21 11:00:26.883	- Info  -	[OnReceive] [shell] status_changed:0
[7824]	2025-05-21 11:00:27.317	- Info  -	[CSockConnector] attempt to connect server slapi.oray.net:443(47.98.232.26:443)
[8208]	2025-05-21 11:00:27.421	- Info  -	[OnReceive] [shell] status_changed:2
[8208]	2025-05-21 11:00:27.490	- Info  -	[OnReceive] [shell] status_changed:0
[8409]	2025-05-21 11:00:28.173	- Info  -	[DoLogin]
[7824]	2025-05-21 11:00:28.174	* Error *	[CSockConnector] Resolve(api-std.sunlogin.oray.com:443) failed
[7824]	2025-05-21 11:00:28.174	- Info  -	[http::call3][3] disconnected, error( 57394 )
[8665]	2025-05-21 11:00:28.174	* Error *	[login_with_token_ok] errorcode:-1
[8665]	2025-05-21 11:00:28.175	- Info  -	[disconnect]
[8665]	2025-05-21 11:00:28.175	- Info  -	[ondisconnect] is disconnected(-1)
[8665]	2025-05-21 11:00:28.175	- Info  -	[disconnect]
[8665]	2025-05-21 11:00:28.175	- Info  -	[ondisconnect] is disconnected(-1)
[8665]	2025-05-21 11:00:28.175	- Info  -	[disconnect]
[8665]	2025-05-21 11:00:28.175	- Info  -	[ondisconnect] is disconnected(-1)
[7824]	2025-05-21 11:00:28.191	* Error *	[CSockConnector] Resolve(sl-tk.oray.com:443) failed
[7824]	2025-05-21 11:00:28.191	- Info  -	[http::call3][4] disconnected, error( 57394 )
[8208]	2025-05-21 11:00:30.566	- Info  -	[OnReceive] [shell] status_changed:2
[8208]	2025-05-21 11:00:30.566	- Info  -	[OnReceive] [shell] status_changed:0
[8208]	2025-05-21 11:00:33.616	- Info  -	[OnReceive] [shell] status_changed:2
[8208]	2025-05-21 11:00:33.617	- Info  -	[OnReceive] [shell] status_changed:0
[8208]	2025-05-21 11:00:36.684	- Info  -	[OnReceive] [shell] status_changed:2
[8208]	2025-05-21 11:00:36.684	- Info  -	[OnReceive] [shell] status_changed:0
[8208]	2025-05-21 11:00:39.755	- Info  -	[OnReceive] [shell] status_changed:2
[8208]	2025-05-21 11:00:39.756	- Info  -	[OnReceive] [shell] status_changed:0
[8208]	2025-05-21 11:00:42.784	- Info  -	[OnReceive] [shell] status_changed:2
[8208]	2025-05-21 11:00:42.784	- Info  -	[OnReceive] [shell] status_changed:0
[8208]	2025-05-21 11:00:45.860	- Info  -	[OnReceive] [shell] status_changed:2
[8208]	2025-05-21 11:00:45.861	- Info  -	[OnReceive] [shell] status_changed:0
[8208]	2025-05-21 11:00:48.894	- Info  -	[OnReceive] [shell] status_changed:2
[8208]	2025-05-21 11:00:48.895	- Info  -	[OnReceive] [shell] status_changed:0
[8208]	2025-05-21 11:00:51.971	- Info  -	[OnReceive] [shell] status_changed:2
[8208]	2025-05-21 11:00:51.971	- Info  -	[OnReceive] [shell] status_changed:0
[8208]	2025-05-21 11:00:54.983	- Info  -	[OnReceive] [shell] status_changed:2
[8208]	2025-05-21 11:00:54.983	- Info  -	[OnReceive] [shell] status_changed:0
[8208]	2025-05-21 11:00:58.058	- Info  -	[OnReceive] [shell] status_changed:2
[8208]	2025-05-21 11:00:58.058	- Info  -	[OnReceive] [shell] status_changed:0
[8208]	2025-05-21 11:01:01.134	- Info  -	[OnReceive] [shell] status_changed:2
[8208]	2025-05-21 11:01:01.134	- Info  -	[OnReceive] [shell] status_changed:0
[8208]	2025-05-21 11:01:04.210	- Info  -	[OnReceive] [shell] status_changed:2
[8208]	2025-05-21 11:01:04.210	- Info  -	[OnReceive] [shell] status_changed:0
[8208]	2025-05-21 11:01:07.213	- Info  -	[OnReceive] [shell] status_changed:2
[8208]	2025-05-21 11:01:07.213	- Info  -	[OnReceive] [shell] status_changed:0
[8208]	2025-05-21 11:01:10.256	- Info  -	[OnReceive] [shell] status_changed:2
[8208]	2025-05-21 11:01:10.256	- Info  -	[OnReceive] [shell] status_changed:0
[8208]	2025-05-21 11:01:13.317	- Info  -	[OnReceive] [shell] status_changed:2
[8208]	2025-05-21 11:01:13.317	- Info  -	[OnReceive] [shell] status_changed:0
[8208]	2025-05-21 11:01:16.368	- Info  -	[OnReceive] [shell] status_changed:2
[8208]	2025-05-21 11:01:16.368	- Info  -	[OnReceive] [shell] status_changed:0
[8208]	2025-05-21 11:01:19.414	- Info  -	[OnReceive] [shell] status_changed:2
[8208]	2025-05-21 11:01:19.414	- Info  -	[OnReceive] [shell] status_changed:0
[8208]	2025-05-21 11:01:22.475	- Info  -	[OnReceive] [shell] status_changed:2
[8208]	2025-05-21 11:01:22.476	- Info  -	[OnReceive] [shell] status_changed:0
[8208]	2025-05-21 11:01:25.501	- Info  -	[OnReceive] [shell] status_changed:2
[8208]	2025-05-21 11:01:25.502	- Info  -	[OnReceive] [shell] status_changed:0
[8409]	2025-05-21 11:01:27.381	- Info  -	[get_last_version_thread] [main_dlg] get_last_version_thread time: 10800000
[8208]	2025-05-21 11:01:28.549	- Info  -	[OnReceive] [shell] status_changed:2
[8208]	2025-05-21 11:01:28.549	- Info  -	[OnReceive] [shell] status_changed:0
[8208]	2025-05-21 11:01:31.614	- Info  -	[OnReceive] [shell] status_changed:2
[8208]	2025-05-21 11:01:31.615	- Info  -	[OnReceive] [shell] status_changed:0
[8208]	2025-05-21 11:01:34.624	- Info  -	[OnReceive] [shell] status_changed:2
[8208]	2025-05-21 11:01:34.624	- Info  -	[OnReceive] [shell] status_changed:0
[8208]	2025-05-21 11:01:37.699	- Info  -	[OnReceive] [shell] status_changed:2
[8208]	2025-05-21 11:01:37.701	- Info  -	[OnReceive] [shell] status_changed:0
[8208]	2025-05-21 11:01:40.774	- Info  -	[OnReceive] [shell] status_changed:2
[8208]	2025-05-21 11:01:40.775	- Info  -	[OnReceive] [shell] status_changed:0
[8208]	2025-05-21 11:01:43.848	- Info  -	[OnReceive] [shell] status_changed:2
[8208]	2025-05-21 11:01:43.849	- Info  -	[OnReceive] [shell] status_changed:0
[8208]	2025-05-21 11:01:46.879	- Info  -	[OnReceive] [shell] status_changed:2
[8208]	2025-05-21 11:01:46.879	- Info  -	[OnReceive] [shell] status_changed:0
[8208]	2025-05-21 11:01:49.953	- Info  -	[OnReceive] [shell] status_changed:2
[8208]	2025-05-21 11:01:49.953	- Info  -	[OnReceive] [shell] status_changed:0
[8208]	2025-05-21 11:01:52.956	- Info  -	[OnReceive] [shell] status_changed:2
[8208]	2025-05-21 11:01:52.956	- Info  -	[OnReceive] [shell] status_changed:0
[8208]	2025-05-21 11:01:55.986	- Info  -	[OnReceive] [shell] status_changed:2
[8208]	2025-05-21 11:01:55.986	- Info  -	[OnReceive] [shell] status_changed:0
[8208]	2025-05-21 11:01:57.646	- Info  -	[OnReceive] [shell] status_changed:2
[8208]	2025-05-21 11:01:57.975	- Info  -	[OnReceive] [shell] status_changed:0
[8208]	2025-05-21 11:01:58.997	- Info  -	[OnReceive] [shell] status_changed:2
[8208]	2025-05-21 11:01:58.998	- Info  -	[OnReceive] [shell] status_changed:0
[8208]	2025-05-21 11:02:00.997	- Info  -	[OnReceive] [shell] status_changed:2
[8208]	2025-05-21 11:02:00.997	- Info  -	[OnReceive] [shell] status_changed:0
[8208]	2025-05-21 11:02:02.063	- Info  -	[OnReceive] [shell] status_changed:2
[8208]	2025-05-21 11:02:02.063	- Info  -	[OnReceive] [shell] status_changed:0
[8208]	2025-05-21 11:02:04.064	- Info  -	[OnReceive] [shell] status_changed:2
[8208]	2025-05-21 11:02:04.064	- Info  -	[OnReceive] [shell] status_changed:0
[8208]	2025-05-21 11:02:05.068	- Info  -	[OnReceive] [shell] status_changed:2
[8208]	2025-05-21 11:02:05.069	- Info  -	[OnReceive] [shell] status_changed:0
[8208]	2025-05-21 11:02:07.120	- Info  -	[OnReceive] [shell] status_changed:2
[8208]	2025-05-21 11:02:07.121	- Info  -	[OnReceive] [shell] status_changed:0
[8208]	2025-05-21 11:02:08.121	- Info  -	[OnReceive] [shell] status_changed:2
[8208]	2025-05-21 11:02:08.121	- Info  -	[OnReceive] [shell] status_changed:0
[8208]	2025-05-21 11:02:10.195	- Info  -	[OnReceive] [shell] status_changed:2
[8208]	2025-05-21 11:02:10.195	- Info  -	[OnReceive] [shell] status_changed:0
[8208]	2025-05-21 11:02:11.128	- Info  -	[OnReceive] [shell] status_changed:2
[8208]	2025-05-21 11:02:11.129	- Info  -	[OnReceive] [shell] status_changed:0
[8208]	2025-05-21 11:02:13.220	- Info  -	[OnReceive] [shell] status_changed:2
[8208]	2025-05-21 11:02:13.221	- Info  -	[OnReceive] [shell] status_changed:0
[8208]	2025-05-21 11:02:14.199	- Info  -	[OnReceive] [shell] status_changed:2
[8208]	2025-05-21 11:02:14.199	- Info  -	[OnReceive] [shell] status_changed:0
[8208]	2025-05-21 11:02:16.233	- Info  -	[OnReceive] [shell] status_changed:2
[8208]	2025-05-21 11:02:16.233	- Info  -	[OnReceive] [shell] status_changed:0
[8208]	2025-05-21 11:02:17.241	- Info  -	[OnReceive] [shell] status_changed:2
[8208]	2025-05-21 11:02:17.241	- Info  -	[OnReceive] [shell] status_changed:0
[8208]	2025-05-21 11:02:19.301	- Info  -	[OnReceive] [shell] status_changed:2
[8208]	2025-05-21 11:02:19.302	- Info  -	[OnReceive] [shell] status_changed:0
[8208]	2025-05-21 11:02:20.292	- Info  -	[OnReceive] [shell] status_changed:2
[8208]	2025-05-21 11:02:20.293	- Info  -	[OnReceive] [shell] status_changed:0
[8208]	2025-05-21 11:02:22.309	- Info  -	[OnReceive] [shell] status_changed:2
[8208]	2025-05-21 11:02:22.309	- Info  -	[OnReceive] [shell] status_changed:0
[8208]	2025-05-21 11:02:23.295	- Info  -	[OnReceive] [shell] status_changed:2
[8208]	2025-05-21 11:02:23.296	- Info  -	[OnReceive] [shell] status_changed:0
[8208]	2025-05-21 11:02:25.354	- Info  -	[OnReceive] [shell] status_changed:2
[8208]	2025-05-21 11:02:25.355	- Info  -	[OnReceive] [shell] status_changed:0
[8208]	2025-05-21 11:02:26.303	- Info  -	[OnReceive] [shell] status_changed:2
[8208]	2025-05-21 11:02:26.303	- Info  -	[OnReceive] [shell] status_changed:0
[8208]	2025-05-21 11:02:28.428	- Info  -	[OnReceive] [shell] status_changed:2
[8208]	2025-05-21 11:02:28.429	- Info  -	[OnReceive] [shell] status_changed:0
[8208]	2025-05-21 11:02:29.331	- Info  -	[OnReceive] [shell] status_changed:2
[8208]	2025-05-21 11:02:29.331	- Info  -	[OnReceive] [shell] status_changed:0
[8208]	2025-05-21 11:02:31.503	- Info  -	[OnReceive] [shell] status_changed:2
[8208]	2025-05-21 11:02:31.504	- Info  -	[OnReceive] [shell] status_changed:0
[8208]	2025-05-21 11:02:32.338	- Info  -	[OnReceive] [shell] status_changed:2
[8208]	2025-05-21 11:02:32.338	- Info  -	[OnReceive] [shell] status_changed:0
[8208]	2025-05-21 11:02:34.563	- Info  -	[OnReceive] [shell] status_changed:2
[8208]	2025-05-21 11:02:34.564	- Info  -	[OnReceive] [shell] status_changed:0
[8208]	2025-05-21 11:02:35.413	- Info  -	[OnReceive] [shell] status_changed:2
[8208]	2025-05-21 11:02:35.413	- Info  -	[OnReceive] [shell] status_changed:0
[8208]	2025-05-21 11:02:37.637	- Info  -	[OnReceive] [shell] status_changed:2
[8208]	2025-05-21 11:02:37.637	- Info  -	[OnReceive] [shell] status_changed:0
[8208]	2025-05-21 11:02:38.450	- Info  -	[OnReceive] [shell] status_changed:2
[8208]	2025-05-21 11:02:38.450	- Info  -	[OnReceive] [shell] status_changed:0
[8208]	2025-05-21 11:02:40.649	- Info  -	[OnReceive] [shell] status_changed:2
[8208]	2025-05-21 11:02:40.650	- Info  -	[OnReceive] [shell] status_changed:0
[8208]	2025-05-21 11:02:41.489	- Info  -	[OnReceive] [shell] status_changed:2
[8208]	2025-05-21 11:02:41.490	- Info  -	[OnReceive] [shell] status_changed:0
[8208]	2025-05-21 11:02:43.702	- Info  -	[OnReceive] [shell] status_changed:2
[8208]	2025-05-21 11:02:43.702	- Info  -	[OnReceive] [shell] status_changed:0
[8208]	2025-05-21 11:02:44.563	- Info  -	[OnReceive] [shell] status_changed:2
[8208]	2025-05-21 11:02:44.563	- Info  -	[OnReceive] [shell] status_changed:0
[8208]	2025-05-21 11:02:46.772	- Info  -	[OnReceive] [shell] status_changed:2
[8208]	2025-05-21 11:02:46.773	- Info  -	[OnReceive] [shell] status_changed:0
[8208]	2025-05-21 11:02:47.638	- Info  -	[OnReceive] [shell] status_changed:2
[8208]	2025-05-21 11:02:47.638	- Info  -	[OnReceive] [shell] status_changed:0
[8208]	2025-05-21 11:02:49.848	- Info  -	[OnReceive] [shell] status_changed:2
[8208]	2025-05-21 11:02:49.848	- Info  -	[OnReceive] [shell] status_changed:0
[8208]	2025-05-21 11:02:50.690	- Info  -	[OnReceive] [shell] status_changed:2
[8208]	2025-05-21 11:02:50.691	- Info  -	[OnReceive] [shell] status_changed:0
[8208]	2025-05-21 11:02:52.890	- Info  -	[OnReceive] [shell] status_changed:2
[8208]	2025-05-21 11:02:52.890	- Info  -	[OnReceive] [shell] status_changed:0
[8208]	2025-05-21 11:02:53.760	- Info  -	[OnReceive] [shell] status_changed:2
[8208]	2025-05-21 11:02:53.760	- Info  -	[OnReceive] [shell] status_changed:0
[8208]	2025-05-21 11:02:55.895	- Info  -	[OnReceive] [shell] status_changed:2
[8208]	2025-05-21 11:02:55.896	- Info  -	[OnReceive] [shell] status_changed:0
[8208]	2025-05-21 11:02:56.815	- Info  -	[OnReceive] [shell] status_changed:2
[8208]	2025-05-21 11:02:56.815	- Info  -	[OnReceive] [shell] status_changed:0
[8208]	2025-05-21 11:02:58.971	- Info  -	[OnReceive] [shell] status_changed:2
[8208]	2025-05-21 11:02:58.971	- Info  -	[OnReceive] [shell] status_changed:0
[8208]	2025-05-21 11:02:59.879	- Info  -	[OnReceive] [shell] status_changed:2
[8208]	2025-05-21 11:02:59.880	- Info  -	[OnReceive] [shell] status_changed:0
[8208]	2025-05-21 11:03:02.047	- Info  -	[OnReceive] [shell] status_changed:2
[8208]	2025-05-21 11:03:02.049	- Info  -	[OnReceive] [shell] status_changed:0
[8208]	2025-05-21 11:03:02.909	- Info  -	[OnReceive] [shell] status_changed:2
[8208]	2025-05-21 11:03:02.909	- Info  -	[OnReceive] [shell] status_changed:0
[8208]	2025-05-21 11:03:05.121	- Info  -	[OnReceive] [shell] status_changed:2
[8208]	2025-05-21 11:03:05.122	- Info  -	[OnReceive] [shell] status_changed:0
[8208]	2025-05-21 11:03:05.918	- Info  -	[OnReceive] [shell] status_changed:2
[8208]	2025-05-21 11:03:05.919	- Info  -	[OnReceive] [shell] status_changed:0
[8208]	2025-05-21 11:03:08.155	- Info  -	[OnReceive] [shell] status_changed:2
[8208]	2025-05-21 11:03:08.155	- Info  -	[OnReceive] [shell] status_changed:0
[8208]	2025-05-21 11:03:08.924	- Info  -	[OnReceive] [shell] status_changed:2
[8208]	2025-05-21 11:03:08.925	- Info  -	[OnReceive] [shell] status_changed:0
[8208]	2025-05-21 11:03:11.158	- Info  -	[OnReceive] [shell] status_changed:2
[8208]	2025-05-21 11:03:11.159	- Info  -	[OnReceive] [shell] status_changed:0
[8208]	2025-05-21 11:03:12.000	- Info  -	[OnReceive] [shell] status_changed:2
[8208]	2025-05-21 11:03:12.001	- Info  -	[OnReceive] [shell] status_changed:0
[8208]	2025-05-21 11:03:14.185	- Info  -	[OnReceive] [shell] status_changed:2
[8208]	2025-05-21 11:03:14.186	- Info  -	[OnReceive] [shell] status_changed:0
[8208]	2025-05-21 11:03:15.027	- Info  -	[OnReceive] [shell] status_changed:2
[8208]	2025-05-21 11:03:15.028	- Info  -	[OnReceive] [shell] status_changed:0
[8208]	2025-05-21 11:03:17.257	- Info  -	[OnReceive] [shell] status_changed:2
[8208]	2025-05-21 11:03:17.258	- Info  -	[OnReceive] [shell] status_changed:0
[8208]	2025-05-21 11:03:18.036	- Info  -	[OnReceive] [shell] status_changed:2
[8208]	2025-05-21 11:03:18.037	- Info  -	[OnReceive] [shell] status_changed:0
[8208]	2025-05-21 11:03:20.283	- Info  -	[OnReceive] [shell] status_changed:2
[8208]	2025-05-21 11:03:20.283	- Info  -	[OnReceive] [shell] status_changed:0
[8208]	2025-05-21 11:03:21.064	- Info  -	[OnReceive] [shell] status_changed:2
[8208]	2025-05-21 11:03:21.065	- Info  -	[OnReceive] [shell] status_changed:0
[8208]	2025-05-21 11:03:23.319	- Info  -	[OnReceive] [shell] status_changed:2
[8208]	2025-05-21 11:03:23.319	- Info  -	[OnReceive] [shell] status_changed:0
[8208]	2025-05-21 11:03:24.096	- Info  -	[OnReceive] [shell] status_changed:2
[8208]	2025-05-21 11:03:24.097	- Info  -	[OnReceive] [shell] status_changed:0
[8208]	2025-05-21 11:03:26.320	- Info  -	[OnReceive] [shell] status_changed:2
[8208]	2025-05-21 11:03:26.321	- Info  -	[OnReceive] [shell] status_changed:0
[8208]	2025-05-21 11:03:27.164	- Info  -	[OnReceive] [shell] status_changed:2
[8208]	2025-05-21 11:03:27.164	- Info  -	[OnReceive] [shell] status_changed:0
[8208]	2025-05-21 11:03:29.374	- Info  -	[OnReceive] [shell] status_changed:2
[8208]	2025-05-21 11:03:29.375	- Info  -	[OnReceive] [shell] status_changed:0
[8208]	2025-05-21 11:03:30.177	- Info  -	[OnReceive] [shell] status_changed:2
[8208]	2025-05-21 11:03:30.178	- Info  -	[OnReceive] [shell] status_changed:0
[8208]	2025-05-21 11:03:32.416	- Info  -	[OnReceive] [shell] status_changed:2
[8208]	2025-05-21 11:03:32.416	- Info  -	[OnReceive] [shell] status_changed:0
[8208]	2025-05-21 11:03:33.253	- Info  -	[OnReceive] [shell] status_changed:2
[8208]	2025-05-21 11:03:33.254	- Info  -	[OnReceive] [shell] status_changed:0
[8208]	2025-05-21 11:03:35.476	- Info  -	[OnReceive] [shell] status_changed:2
[8208]	2025-05-21 11:03:35.476	- Info  -	[OnReceive] [shell] status_changed:0
[8208]	2025-05-21 11:03:36.273	- Info  -	[OnReceive] [shell] status_changed:2
[8208]	2025-05-21 11:03:36.273	- Info  -	[OnReceive] [shell] status_changed:0
[8208]	2025-05-21 11:03:38.550	- Info  -	[OnReceive] [shell] status_changed:2
[8208]	2025-05-21 11:03:38.551	- Info  -	[OnReceive] [shell] status_changed:0
[8208]	2025-05-21 11:03:39.293	- Info  -	[OnReceive] [shell] status_changed:2
[8208]	2025-05-21 11:03:39.293	- Info  -	[OnReceive] [shell] status_changed:0
[8208]	2025-05-21 11:03:41.627	- Info  -	[OnReceive] [shell] status_changed:2
[8208]	2025-05-21 11:03:41.627	- Info  -	[OnReceive] [shell] status_changed:0
[8208]	2025-05-21 11:03:42.368	- Info  -	[OnReceive] [shell] status_changed:2
[8208]	2025-05-21 11:03:42.369	- Info  -	[OnReceive] [shell] status_changed:0
[8208]	2025-05-21 11:03:44.651	- Info  -	[OnReceive] [shell] status_changed:2
[8208]	2025-05-21 11:03:44.652	- Info  -	[OnReceive] [shell] status_changed:0
[8208]	2025-05-21 11:03:45.423	- Info  -	[OnReceive] [shell] status_changed:2
[8208]	2025-05-21 11:03:45.424	- Info  -	[OnReceive] [shell] status_changed:0
[8208]	2025-05-21 11:03:47.707	- Info  -	[OnReceive] [shell] status_changed:2
[8208]	2025-05-21 11:03:47.708	- Info  -	[OnReceive] [shell] status_changed:0
[8208]	2025-05-21 11:03:48.433	- Info  -	[OnReceive] [shell] status_changed:2
[8208]	2025-05-21 11:03:48.434	- Info  -	[OnReceive] [shell] status_changed:0
[8208]	2025-05-21 11:03:50.781	- Info  -	[OnReceive] [shell] status_changed:2
[8208]	2025-05-21 11:03:50.782	- Info  -	[OnReceive] [shell] status_changed:0
[8208]	2025-05-21 11:03:51.508	- Info  -	[OnReceive] [shell] status_changed:2
[8208]	2025-05-21 11:03:51.508	- Info  -	[OnReceive] [shell] status_changed:0
[6961]	2025-05-21 11:03:53.710	- Info  -	[disconnect]
[6961]	2025-05-21 11:03:53.710	- Info  -	[ondisconnect] is disconnected(-1)
[6961]	2025-05-21 11:03:53.710	- Info  -	[disconnect]
[6961]	2025-05-21 11:03:53.710	- Info  -	[ondisconnect] is disconnected(-1)
