[4175]	2025-09-12 17:05:58.295	- Info  -	Version: 15.6.2.13600, PID: 414
[4175]	2025-09-12 17:05:58.296	* Error *	[Bind] rpc remove addr errcode 2
[4175]	2025-09-12 17:05:58.859	* Error *	[Connect] rpc connect ret -1 failed errcode 2
[6043]	2025-09-12 17:05:59.360	- Info  -	[OnConnect] [shell] OnConnect
[6043]	2025-09-12 17:05:59.556	- Info  -	[OnReceive] [shell] status_changed:0
[6043]	2025-09-12 17:06:00.269	- Info  -	[OnReceive] [shell] status_changed:2
[6043]	2025-09-12 17:06:00.270	- Info  -	[OnReceive] [shell] status_changed:0
[6043]	2025-09-12 17:06:01.268	- Info  -	[OnReceive] [shell] status_changed:2
[6043]	2025-09-12 17:06:02.044	- Info  -	[OnReceive] [shell] status_changed:1
[6043]	2025-09-12 17:06:02.261	- Info  -	[OnReceive] [shell] status_changed:1
[5562]	2025-09-12 17:06:02.470	- Info  -	[CSockConnector] attempt to connect server slapi.oray.net:443(47.99.156.250:443)
[4175]	2025-09-12 17:06:03.603	- Info  -	[OnUserMessage] Donot get adver info when unlogin
[6484]	2025-09-12 17:06:03.819	- Info  -	[DoLogin]
[5562]	2025-09-12 17:06:03.820	- Info  -	[CSockConnector] attempt to connect server api-std.sunlogin.oray.com:443(47.96.156.45:443)
[4175]	2025-09-12 17:06:03.918	- Info  -	[OnUserMessage] Donot get adver info when unlogin
[4175]	2025-09-12 17:06:03.933	- Info  -	[OnUserMessage] Donot get adver info when unlogin
[4175]	2025-09-12 17:06:03.954	- Info  -	[OnUserMessage] Donot get adver info when unlogin
[4175]	2025-09-12 17:06:04.069	- Info  -	[OnUserMessage] Donot get adver info when unlogin
[5562]	2025-09-12 17:06:04.185	- Info  -	[FireOnLogin] [REMOTEMANAGER] login account result with true
[5562]	2025-09-12 17:06:04.194	- Info  -	[CSockConnector] attempt to connect server api-std.sunlogin.oray.com:443(47.96.156.45:443)
[4175]	2025-09-12 17:06:04.199	- Info  -	[OnUserMessage] [MainDialog] first login for account down
[4175]	2025-09-12 17:06:04.203	- Info  -	PostApiInterface post api type = 6
[4175]	2025-09-12 17:06:04.203	- Info  -	PostApiInterface post api type = 5
[5562]	2025-09-12 17:06:04.214	- Info  -	[CSockConnector] attempt to connect server sl-tk.oray.com:443(47.97.162.104:443)
[5562]	2025-09-12 17:06:04.232	- Info  -	[CSockConnector] attempt to connect server user-api-v2.oray.com:443(116.62.147.155:443)
[7824]	2025-09-12 17:06:04.345	- Info  -	[OnMessage] [LongConnect] WSS_GET_SERVER
[5562]	2025-09-12 17:06:04.374	- Info  -	[QueryClientFeature] [MAIN_DLG]: Get next update time
[5562]	2025-09-12 17:06:04.654	- Info  -	[CSockConnector] attempt to connect server client-api-v2.oray.com:443([2408:4005:312:e505:3b6d:a6d0:7c75:277f]:443)
[5562]	2025-09-12 17:06:04.654	* Error *	[CSockConnector] connect failed with 65, line:330
[5562]	2025-09-12 17:06:04.654	- Info  -	[CSockConnector] only resolve ipv4 addr
[5562]	2025-09-12 17:06:04.654	- Info  -	[http::call3][18] disconnected, error( 57394 )
[5562]	2025-09-12 17:06:04.655	- Info  -	[CSockConnector] attempt to connect server client-api-v2.oray.com:443(116.62.207.228:443)
[5562]	2025-09-12 17:06:04.664	- Info  -	[upload_first_datas] [MainDialog] upload data success!
[4175]	2025-09-12 17:06:04.665	* Error *	[main_ad_refresh_ok] failed, error:net error
[4175]	2025-09-12 17:06:04.821	- Info  -	config path: /etc/orayconfig.conf
[5562]	2025-09-12 17:06:04.824	- Info  -	[CSockConnector] attempt to connect server api-std.sunlogin.oray.com:443(120.27.239.1:443)
[5562]	2025-09-12 17:06:04.824	- Info  -	[connect_websocket] [ScanLogin] connecting TCP server api-std.sunlogin.oray.com:443 success.
[4175]	2025-09-12 17:06:04.827	- Info  -	config path: /etc/orayconfig.conf
[7891]	2025-09-12 17:06:04.829	- Info  -	[CSockConnector] attempt to connect server ws-std03.sunlogin.oray.com:443(47.96.16.191:443)
[4175]	2025-09-12 17:06:04.831	- Info  -	config path: /etc/orayconfig.conf
[4175]	2025-09-12 17:06:04.839	- Info  -	config path: /etc/orayconfig.conf
[4175]	2025-09-12 17:06:04.848	- Info  -	config path: /etc/orayconfig.conf
[6484]	2025-09-12 17:06:05.694	- Info  -	[CSockConnector] attempt to connect server cdn.orayimg.com:443(58.216.31.208:443)
[6484]	2025-09-12 17:06:06.017	- Info  -	[CSockConnector] attempt to connect server cdn.orayimg.com:443(58.216.31.208:443)
[6484]	2025-09-12 17:06:06.316	- Info  -	[CSockConnector] attempt to connect server cdn.orayimg.com:443(58.216.31.208:443)
[7891]	2025-09-12 17:06:06.926	- Info  -	[websocket:47.96.16.191:443] connected
[7824]	2025-09-12 17:06:06.926	- Info  -	[OnMessage] [LongConnect] WSS_CONNECTED
[4175]	2025-09-12 17:06:06.934	- Info  -	[MAIN_DLG] [RED_YELLOW] LONG_CONNECTED
[7891]	2025-09-12 17:06:06.955	- Info  -	[OnWebsocketMessage][websocket_listener] broker/Session: session_id:167779364.11862029,ttl:60030
[7891]	2025-09-12 17:06:06.955	- Info  -	[set_ping_interval] ping_interval:54027
[5562]	2025-09-12 17:06:41.760	+Warning+	[passive:keepalive:] 47.97.162.104:443 disconnect by keepalive timeout(63777>=26692+30000)
[6484]	2025-09-12 17:07:02.486	- Info  -	[get_last_version_thread] [main_dlg] get_last_version_thread time: 10800000
[6484]	2025-09-12 20:07:02.460	- Info  -	[get_last_version_thread] [main_dlg] get_last_version_thread time: 10800000
[6484]	2025-09-12 23:07:02.549	- Info  -	[get_last_version_thread] [main_dlg] get_last_version_thread time: 10800000
[6484]	2025-09-13 02:07:02.718	- Info  -	[get_last_version_thread] [main_dlg] get_last_version_thread time: 10800000
[6484]	2025-09-13 05:07:02.762	- Info  -	[get_last_version_thread] [main_dlg] get_last_version_thread time: 10800000
[6484]	2025-09-13 08:07:03.054	- Info  -	[get_last_version_thread] [main_dlg] get_last_version_thread time: 10800000
[6484]	2025-09-13 11:07:03.188	- Info  -	[get_last_version_thread] [main_dlg] get_last_version_thread time: 10800000
[6484]	2025-09-13 14:07:03.129	- Info  -	[get_last_version_thread] [main_dlg] get_last_version_thread time: 10800000
[6484]	2025-09-13 17:07:03.377	- Info  -	[get_last_version_thread] [main_dlg] get_last_version_thread time: 10800000
[6484]	2025-09-13 20:07:03.239	- Info  -	[get_last_version_thread] [main_dlg] get_last_version_thread time: 10800000
[6484]	2025-09-13 23:07:03.595	- Info  -	[get_last_version_thread] [main_dlg] get_last_version_thread time: 10800000
[6484]	2025-09-14 02:07:03.568	- Info  -	[get_last_version_thread] [main_dlg] get_last_version_thread time: 10800000
[6484]	2025-09-14 05:07:03.619	- Info  -	[get_last_version_thread] [main_dlg] get_last_version_thread time: 10800000
[6484]	2025-09-14 08:07:03.755	- Info  -	[get_last_version_thread] [main_dlg] get_last_version_thread time: 10800000
[6484]	2025-09-14 11:07:03.890	- Info  -	[get_last_version_thread] [main_dlg] get_last_version_thread time: 10800000
[6484]	2025-09-14 14:07:04.055	- Info  -	[get_last_version_thread] [main_dlg] get_last_version_thread time: 10800000
[6484]	2025-09-14 17:07:04.139	- Info  -	[get_last_version_thread] [main_dlg] get_last_version_thread time: 10800000
[6484]	2025-09-14 20:07:04.159	- Info  -	[get_last_version_thread] [main_dlg] get_last_version_thread time: 10800000
[6484]	2025-09-14 23:07:04.242	- Info  -	[get_last_version_thread] [main_dlg] get_last_version_thread time: 10800000
[6484]	2025-09-15 02:07:04.351	- Info  -	[get_last_version_thread] [main_dlg] get_last_version_thread time: 10800000
[6484]	2025-09-15 05:07:04.622	- Info  -	[get_last_version_thread] [main_dlg] get_last_version_thread time: 10800000
[6484]	2025-09-15 08:07:04.590	- Info  -	[get_last_version_thread] [main_dlg] get_last_version_thread time: 10800000
[6484]	2025-09-15 11:07:04.740	- Info  -	[get_last_version_thread] [main_dlg] get_last_version_thread time: 10800000
[6484]	2025-09-15 14:07:04.897	- Info  -	[get_last_version_thread] [main_dlg] get_last_version_thread time: 10800000
[6484]	2025-09-15 17:07:05.012	- Info  -	[get_last_version_thread] [main_dlg] get_last_version_thread time: 10800000
[6484]	2025-09-15 20:07:05.052	- Info  -	[get_last_version_thread] [main_dlg] get_last_version_thread time: 10800000
[6484]	2025-09-15 23:07:05.243	- Info  -	[get_last_version_thread] [main_dlg] get_last_version_thread time: 10800000
[6484]	2025-09-16 02:07:05.171	- Info  -	[get_last_version_thread] [main_dlg] get_last_version_thread time: 10800000
[6484]	2025-09-16 05:07:05.361	- Info  -	[get_last_version_thread] [main_dlg] get_last_version_thread time: 10800000
[6484]	2025-09-16 08:07:05.346	- Info  -	[get_last_version_thread] [main_dlg] get_last_version_thread time: 10800000
[6484]	2025-09-16 11:07:05.608	- Info  -	[get_last_version_thread] [main_dlg] get_last_version_thread time: 10800000
[6484]	2025-09-16 14:07:05.723	- Info  -	[get_last_version_thread] [main_dlg] get_last_version_thread time: 10800000
[6484]	2025-09-16 17:07:05.760	- Info  -	[get_last_version_thread] [main_dlg] get_last_version_thread time: 10800000
[6484]	2025-09-16 20:07:05.978	- Info  -	[get_last_version_thread] [main_dlg] get_last_version_thread time: 10800000
[6484]	2025-09-16 23:07:05.937	- Info  -	[get_last_version_thread] [main_dlg] get_last_version_thread time: 10800000
[6484]	2025-09-17 02:07:06.122	- Info  -	[get_last_version_thread] [main_dlg] get_last_version_thread time: 10800000
[6484]	2025-09-17 05:07:06.064	- Info  -	[get_last_version_thread] [main_dlg] get_last_version_thread time: 10800000
[6484]	2025-09-17 08:07:06.329	- Info  -	[get_last_version_thread] [main_dlg] get_last_version_thread time: 10800000
[6484]	2025-09-17 11:07:06.367	- Info  -	[get_last_version_thread] [main_dlg] get_last_version_thread time: 10800000
[6484]	2025-09-17 14:07:06.526	- Info  -	[get_last_version_thread] [main_dlg] get_last_version_thread time: 10800000
[6484]	2025-09-17 17:07:06.644	- Info  -	[get_last_version_thread] [main_dlg] get_last_version_thread time: 10800000
[6484]	2025-09-17 20:07:06.805	- Info  -	[get_last_version_thread] [main_dlg] get_last_version_thread time: 10800000
[6484]	2025-09-17 23:07:06.954	- Info  -	[get_last_version_thread] [main_dlg] get_last_version_thread time: 10800000
[6484]	2025-09-18 02:07:06.982	- Info  -	[get_last_version_thread] [main_dlg] get_last_version_thread time: 10800000
[6484]	2025-09-18 05:07:07.092	- Info  -	[get_last_version_thread] [main_dlg] get_last_version_thread time: 10800000
[6484]	2025-09-18 08:07:07.148	- Info  -	[get_last_version_thread] [main_dlg] get_last_version_thread time: 10800000
[6484]	2025-09-18 11:07:07.237	- Info  -	[get_last_version_thread] [main_dlg] get_last_version_thread time: 10800000
[6484]	2025-09-18 14:07:07.370	- Info  -	[get_last_version_thread] [main_dlg] get_last_version_thread time: 10800000
[6484]	2025-09-18 17:07:07.552	- Info  -	[get_last_version_thread] [main_dlg] get_last_version_thread time: 10800000
[6484]	2025-09-18 20:07:07.529	- Info  -	[get_last_version_thread] [main_dlg] get_last_version_thread time: 10800000
[6484]	2025-09-18 23:07:07.668	- Info  -	[get_last_version_thread] [main_dlg] get_last_version_thread time: 10800000
[6484]	2025-09-19 02:07:07.774	- Info  -	[get_last_version_thread] [main_dlg] get_last_version_thread time: 10800000
[6484]	2025-09-19 05:07:07.962	- Info  -	[get_last_version_thread] [main_dlg] get_last_version_thread time: 10800000
[6484]	2025-09-19 08:07:08.037	- Info  -	[get_last_version_thread] [main_dlg] get_last_version_thread time: 10800000
[6484]	2025-09-19 11:07:08.024	- Info  -	[get_last_version_thread] [main_dlg] get_last_version_thread time: 10800000
[6484]	2025-09-19 14:07:08.316	- Info  -	[get_last_version_thread] [main_dlg] get_last_version_thread time: 10800000
[6484]	2025-09-19 17:07:08.388	- Info  -	[get_last_version_thread] [main_dlg] get_last_version_thread time: 10800000
[6484]	2025-09-19 20:07:08.403	- Info  -	[get_last_version_thread] [main_dlg] get_last_version_thread time: 10800000
[6484]	2025-09-19 23:07:08.599	- Info  -	[get_last_version_thread] [main_dlg] get_last_version_thread time: 10800000
[6484]	2025-09-20 02:07:08.665	- Info  -	[get_last_version_thread] [main_dlg] get_last_version_thread time: 10800000
[6484]	2025-09-20 05:07:08.814	- Info  -	[get_last_version_thread] [main_dlg] get_last_version_thread time: 10800000
[6484]	2025-09-20 08:07:08.799	- Info  -	[get_last_version_thread] [main_dlg] get_last_version_thread time: 10800000
[6484]	2025-09-20 11:07:09.093	- Info  -	[get_last_version_thread] [main_dlg] get_last_version_thread time: 10800000
[6484]	2025-09-20 14:07:09.209	- Info  -	[get_last_version_thread] [main_dlg] get_last_version_thread time: 10800000
[6484]	2025-09-20 17:07:09.245	- Info  -	[get_last_version_thread] [main_dlg] get_last_version_thread time: 10800000
[6484]	2025-09-20 20:07:09.204	- Info  -	[get_last_version_thread] [main_dlg] get_last_version_thread time: 10800000
[6484]	2025-09-20 23:07:09.419	- Info  -	[get_last_version_thread] [main_dlg] get_last_version_thread time: 10800000
[6484]	2025-09-21 02:07:09.511	- Info  -	[get_last_version_thread] [main_dlg] get_last_version_thread time: 10800000
[6484]	2025-09-21 05:07:09.667	- Info  -	[get_last_version_thread] [main_dlg] get_last_version_thread time: 10800000
[6484]	2025-09-21 08:07:09.805	- Info  -	[get_last_version_thread] [main_dlg] get_last_version_thread time: 10800000
[6484]	2025-09-21 11:07:09.875	- Info  -	[get_last_version_thread] [main_dlg] get_last_version_thread time: 10800000
[6484]	2025-09-21 14:07:09.974	- Info  -	[get_last_version_thread] [main_dlg] get_last_version_thread time: 10800000
[6484]	2025-09-21 17:07:09.982	- Info  -	[get_last_version_thread] [main_dlg] get_last_version_thread time: 10800000
[6484]	2025-09-21 20:07:10.072	- Info  -	[get_last_version_thread] [main_dlg] get_last_version_thread time: 10800000
[6484]	2025-09-21 23:07:10.245	- Info  -	[get_last_version_thread] [main_dlg] get_last_version_thread time: 10800000
[6484]	2025-09-22 02:07:10.395	- Info  -	[get_last_version_thread] [main_dlg] get_last_version_thread time: 10800000
[6484]	2025-09-22 05:07:10.578	- Info  -	[get_last_version_thread] [main_dlg] get_last_version_thread time: 10800000
[6484]	2025-09-22 08:07:10.450	- Info  -	[get_last_version_thread] [main_dlg] get_last_version_thread time: 10800000
[6484]	2025-09-22 11:07:10.577	- Info  -	[get_last_version_thread] [main_dlg] get_last_version_thread time: 10800000
[6484]	2025-09-22 14:07:10.832	- Info  -	[get_last_version_thread] [main_dlg] get_last_version_thread time: 10800000
[6484]	2025-09-22 17:07:10.989	- Info  -	[get_last_version_thread] [main_dlg] get_last_version_thread time: 10800000
[6484]	2025-09-22 20:07:10.942	- Info  -	[get_last_version_thread] [main_dlg] get_last_version_thread time: 10800000
[6484]	2025-09-22 23:07:11.148	- Info  -	[get_last_version_thread] [main_dlg] get_last_version_thread time: 10800000
[6484]	2025-09-23 02:07:11.187	- Info  -	[get_last_version_thread] [main_dlg] get_last_version_thread time: 10800000
[6484]	2025-09-23 05:07:11.350	- Info  -	[get_last_version_thread] [main_dlg] get_last_version_thread time: 10800000
[6484]	2025-09-23 08:07:11.453	- Info  -	[get_last_version_thread] [main_dlg] get_last_version_thread time: 10800000
[6484]	2025-09-23 11:07:11.502	- Info  -	[get_last_version_thread] [main_dlg] get_last_version_thread time: 10800000
[6484]	2025-09-23 14:07:11.697	- Info  -	[get_last_version_thread] [main_dlg] get_last_version_thread time: 10800000
[6484]	2025-09-23 17:07:11.802	- Info  -	[get_last_version_thread] [main_dlg] get_last_version_thread time: 10800000
[6484]	2025-09-23 20:07:11.727	- Info  -	[get_last_version_thread] [main_dlg] get_last_version_thread time: 10800000
[6484]	2025-09-23 23:07:11.982	- Info  -	[get_last_version_thread] [main_dlg] get_last_version_thread time: 10800000
[6484]	2025-09-24 02:07:12.037	- Info  -	[get_last_version_thread] [main_dlg] get_last_version_thread time: 10800000
[6484]	2025-09-24 05:07:12.110	- Info  -	[get_last_version_thread] [main_dlg] get_last_version_thread time: 10800000
[6484]	2025-09-24 08:07:12.239	- Info  -	[get_last_version_thread] [main_dlg] get_last_version_thread time: 10800000
[6484]	2025-09-24 11:07:12.364	- Info  -	[get_last_version_thread] [main_dlg] get_last_version_thread time: 10800000
[6484]	2025-09-24 14:07:12.386	- Info  -	[get_last_version_thread] [main_dlg] get_last_version_thread time: 10800000
[6484]	2025-09-24 17:07:12.561	- Info  -	[get_last_version_thread] [main_dlg] get_last_version_thread time: 10800000
[6484]	2025-09-24 20:07:12.708	- Info  -	[get_last_version_thread] [main_dlg] get_last_version_thread time: 10800000
[6484]	2025-09-24 23:07:12.800	- Info  -	[get_last_version_thread] [main_dlg] get_last_version_thread time: 10800000
[6484]	2025-09-25 02:07:12.934	- Info  -	[get_last_version_thread] [main_dlg] get_last_version_thread time: 10800000
[6484]	2025-09-25 05:07:13.033	- Info  -	[get_last_version_thread] [main_dlg] get_last_version_thread time: 10800000
[6484]	2025-09-25 08:07:13.124	- Info  -	[get_last_version_thread] [main_dlg] get_last_version_thread time: 10800000
[6484]	2025-09-25 11:07:13.271	- Info  -	[get_last_version_thread] [main_dlg] get_last_version_thread time: 10800000
[6484]	2025-09-25 14:07:13.341	- Info  -	[get_last_version_thread] [main_dlg] get_last_version_thread time: 10800000
[6484]	2025-09-25 17:07:13.477	- Info  -	[get_last_version_thread] [main_dlg] get_last_version_thread time: 10800000
[6484]	2025-09-25 20:07:13.619	- Info  -	[get_last_version_thread] [main_dlg] get_last_version_thread time: 10800000
[6484]	2025-09-25 23:07:13.572	- Info  -	[get_last_version_thread] [main_dlg] get_last_version_thread time: 10800000
[6484]	2025-09-26 02:07:13.766	- Info  -	[get_last_version_thread] [main_dlg] get_last_version_thread time: 10800000
[6484]	2025-09-26 05:07:13.873	- Info  -	[get_last_version_thread] [main_dlg] get_last_version_thread time: 10800000
[6484]	2025-09-26 08:07:13.893	- Info  -	[get_last_version_thread] [main_dlg] get_last_version_thread time: 10800000
[6484]	2025-09-26 11:07:14.127	- Info  -	[get_last_version_thread] [main_dlg] get_last_version_thread time: 10800000
[6484]	2025-09-26 14:07:14.105	- Info  -	[get_last_version_thread] [main_dlg] get_last_version_thread time: 10800000
[6484]	2025-09-26 17:07:14.137	- Info  -	[get_last_version_thread] [main_dlg] get_last_version_thread time: 10800000
[6484]	2025-09-26 20:07:14.486	- Info  -	[get_last_version_thread] [main_dlg] get_last_version_thread time: 10800000
[6484]	2025-09-26 23:07:14.513	- Info  -	[get_last_version_thread] [main_dlg] get_last_version_thread time: 10800000
[6484]	2025-09-27 02:07:14.491	- Info  -	[get_last_version_thread] [main_dlg] get_last_version_thread time: 10800000
[6484]	2025-09-27 05:07:14.712	- Info  -	[get_last_version_thread] [main_dlg] get_last_version_thread time: 10800000
[6484]	2025-09-27 08:07:14.761	- Info  -	[get_last_version_thread] [main_dlg] get_last_version_thread time: 10800000
[6484]	2025-09-27 11:07:14.851	- Info  -	[get_last_version_thread] [main_dlg] get_last_version_thread time: 10800000
[6484]	2025-09-27 14:07:14.991	- Info  -	[get_last_version_thread] [main_dlg] get_last_version_thread time: 10800000
[5562]	2025-09-27 14:36:46.985	- Info  -	[CSockConnector] attempt to connect server api-std.sunlogin.oray.com:443(47.96.156.45:443)
[5562]	2025-09-27 14:36:47.303	- Info  -	[CSockConnector] attempt to connect server api-std.sunlogin.oray.com:443(47.96.156.45:443)
[5562]	2025-09-27 14:36:47.598	- Info  -	[QueryClientFeature] [MAIN_DLG]: Get next update time
[6484]	2025-09-27 17:07:15.029	- Info  -	[get_last_version_thread] [main_dlg] get_last_version_thread time: 10800000
[6484]	2025-09-27 20:07:15.189	- Info  -	[get_last_version_thread] [main_dlg] get_last_version_thread time: 10800000
[6484]	2025-09-27 23:07:15.212	- Info  -	[get_last_version_thread] [main_dlg] get_last_version_thread time: 10800000
[6484]	2025-09-28 02:07:15.474	- Info  -	[get_last_version_thread] [main_dlg] get_last_version_thread time: 10800000
[6484]	2025-09-28 05:07:15.581	- Info  -	[get_last_version_thread] [main_dlg] get_last_version_thread time: 10800000
[6484]	2025-09-28 08:07:15.504	- Info  -	[get_last_version_thread] [main_dlg] get_last_version_thread time: 10800000
[6484]	2025-09-28 11:07:15.741	- Info  -	[get_last_version_thread] [main_dlg] get_last_version_thread time: 10800000
[6484]	2025-09-28 14:07:15.864	- Info  -	[get_last_version_thread] [main_dlg] get_last_version_thread time: 10800000
[6484]	2025-09-28 17:07:15.926	- Info  -	[get_last_version_thread] [main_dlg] get_last_version_thread time: 10800000
[6484]	2025-09-28 20:07:16.098	- Info  -	[get_last_version_thread] [main_dlg] get_last_version_thread time: 10800000
[6484]	2025-09-28 23:07:16.198	- Info  -	[get_last_version_thread] [main_dlg] get_last_version_thread time: 10800000
[6484]	2025-09-29 02:07:16.244	- Info  -	[get_last_version_thread] [main_dlg] get_last_version_thread time: 10800000
[6484]	2025-09-29 05:07:16.381	- Info  -	[get_last_version_thread] [main_dlg] get_last_version_thread time: 10800000
[6484]	2025-09-29 08:07:16.383	- Info  -	[get_last_version_thread] [main_dlg] get_last_version_thread time: 10800000
[6484]	2025-09-29 11:07:16.578	- Info  -	[get_last_version_thread] [main_dlg] get_last_version_thread time: 10800000
[6484]	2025-09-29 14:07:16.652	- Info  -	[get_last_version_thread] [main_dlg] get_last_version_thread time: 10800000
[6484]	2025-09-29 17:07:16.772	- Info  -	[get_last_version_thread] [main_dlg] get_last_version_thread time: 10800000
[6484]	2025-09-29 20:07:16.752	- Info  -	[get_last_version_thread] [main_dlg] get_last_version_thread time: 10800000
[6484]	2025-09-29 23:07:17.065	- Info  -	[get_last_version_thread] [main_dlg] get_last_version_thread time: 10800000
[6484]	2025-09-30 02:07:17.114	- Info  -	[get_last_version_thread] [main_dlg] get_last_version_thread time: 10800000
[6484]	2025-09-30 05:07:17.271	- Info  -	[get_last_version_thread] [main_dlg] get_last_version_thread time: 10800000
[6484]	2025-09-30 08:07:17.318	- Info  -	[get_last_version_thread] [main_dlg] get_last_version_thread time: 10800000
[6484]	2025-09-30 11:07:17.438	- Info  -	[get_last_version_thread] [main_dlg] get_last_version_thread time: 10800000
[6484]	2025-09-30 14:07:17.465	- Info  -	[get_last_version_thread] [main_dlg] get_last_version_thread time: 10800000
[6484]	2025-09-30 17:07:17.646	- Info  -	[get_last_version_thread] [main_dlg] get_last_version_thread time: 10800000
[6484]	2025-09-30 20:07:17.786	- Info  -	[get_last_version_thread] [main_dlg] get_last_version_thread time: 10800000
[6484]	2025-09-30 23:07:17.787	- Info  -	[get_last_version_thread] [main_dlg] get_last_version_thread time: 10800000
[6484]	2025-10-01 02:07:17.879	- Info  -	[get_last_version_thread] [main_dlg] get_last_version_thread time: 10800000
[6484]	2025-10-01 05:07:18.054	- Info  -	[get_last_version_thread] [main_dlg] get_last_version_thread time: 10800000
[6484]	2025-10-01 08:07:18.194	- Info  -	[get_last_version_thread] [main_dlg] get_last_version_thread time: 10800000
[6484]	2025-10-01 11:07:18.181	- Info  -	[get_last_version_thread] [main_dlg] get_last_version_thread time: 10800000
[6484]	2025-10-01 14:07:18.340	- Info  -	[get_last_version_thread] [main_dlg] get_last_version_thread time: 10800000
[6484]	2025-10-01 17:07:18.460	- Info  -	[get_last_version_thread] [main_dlg] get_last_version_thread time: 10800000
[6484]	2025-10-01 20:07:18.699	- Info  -	[get_last_version_thread] [main_dlg] get_last_version_thread time: 10800000
[6484]	2025-10-01 23:07:18.670	- Info  -	[get_last_version_thread] [main_dlg] get_last_version_thread time: 10800000
[6484]	2025-10-02 02:07:18.860	- Info  -	[get_last_version_thread] [main_dlg] get_last_version_thread time: 10800000
[6484]	2025-10-02 05:07:18.976	- Info  -	[get_last_version_thread] [main_dlg] get_last_version_thread time: 10800000
